[0917/222739.865:ERROR:process_info.cc(329)] VirtualQueryEx: Access is denied. (0x5)
[0917/222739.880:ERROR:process_info.cc(556)] ReadMemoryInfo failed
[0917/222739.880:ERROR:process_memory_win.cc(39)] Failed to initialize ProcessInfo.
[0917/222739.865:ERROR:process_reader_win.cc(123)] NtOpenThread: {Access Denied} A process has requested access to an object, but has not been granted those access rights. (0xc0000022)
[0917/222739.865:ERROR:process_reader_win.cc(123)] NtOpenThread: {Access Denied} A process has requested access to an object, but has not been granted those access rights. (0xc0000022)
[0917/222739.880:ERROR:process_reader_win.cc(123)] NtOpenThread: {Access Denied} A process has requested access to an object, but has not been granted those access rights. (0xc0000022)
[0917/222739.880:ERROR:exception_snapshot_win.cc(99)] thread ID 12768 not found in process
[0917/222739.880:ERROR:exception_snapshot_win.cc(99)] thread ID 12812 not found in process
[0917/222739.880:ERROR:scoped_process_suspend.cc(40)] NtResumeProcess: An attempt was made to access an exiting process. (0xc000010a)
[0917/222739.865:ERROR:process_reader_win.cc(123)] NtOpenThread: {Access Denied} A process has requested access to an object, but has not been granted those access rights. (0xc0000022)
[0917/222739.880:ERROR:exception_snapshot_win.cc(99)] thread ID 12820 not found in process
[0917/222739.880:ERROR:exception_snapshot_win.cc(99)] thread ID 12832 not found in process
[0917/222739.912:ERROR:process_reader_win.cc(123)] NtOpenThread: {Access Denied} A process has requested access to an object, but has not been granted those access rights. (0xc0000022)
[0917/222739.912:ERROR:exception_snapshot_win.cc(99)] thread ID 12804 not found in process
[1014/231252.980:ERROR:process_reader_win.cc(123)] NtOpenThread: {Access Denied} A process has requested access to an object, but has not been granted those access rights. (0xc0000022)
[1014/231252.965:ERROR:process_reader_win.cc(123)] NtOpenThread: {Access Denied} A process has requested access to an object, but has not been granted those access rights. (0xc0000022)
[1014/231253.012:ERROR:exception_snapshot_win.cc(99)] thread ID 9996 not found in process
[1014/231253.012:ERROR:exception_snapshot_win.cc(99)] thread ID 8228 not found in process
[1020/085046.409:ERROR:directory_reader_win.cc(43)] FindFirstFile: The system cannot find the path specified. (0x3)
[1021/173351.433:ERROR:directory_reader_win.cc(43)] FindFirstFile: The system cannot find the path specified. (0x3)
[1021/184654.349:ERROR:directory_reader_win.cc(43)] FindFirstFile: The system cannot find the path specified. (0x3)
[1022/082707.641:ERROR:directory_reader_win.cc(43)] FindFirstFile: The system cannot find the path specified. (0x3)
[1027/124618.584:ERROR:directory_reader_win.cc(43)] FindFirstFile: The system cannot find the path specified. (0x3)
[1031/172740.055:ERROR:settings.cc(320)] Settings magic is not 1129342067
[1031/173740.075:ERROR:directory_reader_win.cc(43)] FindFirstFile: The system cannot find the path specified. (0x3)
[1201/102705.259:ERROR:directory_reader_win.cc(43)] FindFirstFile: The system cannot find the path specified. (0x3)
[1203/090035.005:ERROR:directory_reader_win.cc(43)] FindFirstFile: The system cannot find the path specified. (0x3)
[1207/221432.929:ERROR:directory_reader_win.cc(43)] FindFirstFile: The system cannot find the path specified. (0x3)
[1209/203729.299:ERROR:directory_reader_win.cc(43)] FindFirstFile: The system cannot find the path specified. (0x3)
[1210/085958.777:ERROR:directory_reader_win.cc(43)] FindFirstFile: The system cannot find the path specified. (0x3)
[1211/101636.513:ERROR:directory_reader_win.cc(43)] FindFirstFile: The system cannot find the path specified. (0x3)
[1212/084640.819:ERROR:directory_reader_win.cc(43)] FindFirstFile: The system cannot find the path specified. (0x3)
[1213/232141.999:ERROR:process_info.cc(98)] ReadProcessMemory UNICODE_STRING: Only part of a ReadProcessMemory or WriteProcessMemory request was completed. (0x12B)
[1213/232142.125:ERROR:process_info.cc(98)] ReadProcessMemory UNICODE_STRING: Only part of a ReadProcessMemory or WriteProcessMemory request was completed. (0x12B)
[1213/232142.931:ERROR:process_info.cc(98)] ReadProcessMemory UNICODE_STRING: Only part of a ReadProcessMemory or WriteProcessMemory request was completed. (0x12B)
[1213/232143.100:ERROR:process_info.cc(329)] VirtualQueryEx: Access is denied. (0x5)
[1213/232143.236:ERROR:process_info.cc(329)] VirtualQueryEx: Access is denied. (0x5)
[1213/232144.060:ERROR:process_info.cc(556)] ReadMemoryInfo failed
[1213/232144.044:ERROR:process_info.cc(118)] ReadProcessMemory bool __cdecl crashpad::(anonymous namespace)::ReadStruct(HANDLE, crashpad::WinVMAddress, T *) [T = crashpad::process_types::LDR_DATA_TABLE_ENTRY<crashpad::process_types::internal::Traits64>]: Only part of a ReadProcessMemory or WriteProcessMemory request was completed. (0x12B)
[1213/232144.060:ERROR:process_info.cc(556)] ReadMemoryInfo failed
[1213/232144.060:ERROR:process_info.cc(118)] ReadProcessMemory bool __cdecl crashpad::(anonymous namespace)::ReadStruct(HANDLE, crashpad::WinVMAddress, T *) [T = crashpad::process_types::LDR_DATA_TABLE_ENTRY<crashpad::process_types::internal::Traits64>]: Only part of a ReadProcessMemory or WriteProcessMemory request was completed. (0x12B)
[1213/232144.060:ERROR:process_info.cc(118)] ReadProcessMemory bool __cdecl crashpad::(anonymous namespace)::ReadStruct(HANDLE, crashpad::WinVMAddress, T *) [T = crashpad::process_types::LDR_DATA_TABLE_ENTRY<crashpad::process_types::internal::Traits64>]: Only part of a ReadProcessMemory or WriteProcessMemory request was completed. (0x12B)
[1213/232143.668:ERROR:process_info.cc(329)] VirtualQueryEx: Access is denied. (0x5)
[1213/232144.061:ERROR:process_info.cc(556)] ReadMemoryInfo failed
[1213/232144.060:ERROR:process_info.cc(329)] VirtualQueryEx: Access is denied. (0x5)
[1213/232144.061:ERROR:process_info.cc(329)] VirtualQueryEx: Access is denied. (0x5)
[1213/232144.061:ERROR:process_info.cc(556)] ReadMemoryInfo failed
[1213/232144.061:ERROR:process_info.cc(556)] ReadMemoryInfo failed
[1213/232144.060:ERROR:process_info.cc(329)] VirtualQueryEx: Access is denied. (0x5)
[1213/232144.061:ERROR:process_info.cc(556)] ReadMemoryInfo failed
[1213/232144.408:ERROR:process_info.cc(329)] VirtualQueryEx: Access is denied. (0x5)
[1213/232144.408:ERROR:process_info.cc(556)] ReadMemoryInfo failed
[1213/232144.483:ERROR:process_info.cc(329)] VirtualQueryEx: Access is denied. (0x5)
[1213/232144.483:ERROR:process_info.cc(329)] VirtualQueryEx: Access is denied. (0x5)
[1213/232144.483:ERROR:process_info.cc(329)] VirtualQueryEx: Access is denied. (0x5)
[1213/232144.483:ERROR:process_info.cc(556)] ReadMemoryInfo failed
[1213/232144.483:ERROR:process_info.cc(556)] ReadMemoryInfo failed
[1213/232144.483:ERROR:process_info.cc(556)] ReadMemoryInfo failed
[1213/232144.560:ERROR:process_info.cc(329)] VirtualQueryEx: Access is denied. (0x5)
[1213/232144.560:ERROR:process_info.cc(556)] ReadMemoryInfo failed
[1213/232144.709:ERROR:process_info.cc(329)] VirtualQueryEx: Access is denied. (0x5)
[1213/232144.709:ERROR:process_info.cc(556)] ReadMemoryInfo failed
[1213/232144.709:ERROR:process_info.cc(329)] VirtualQueryEx: Access is denied. (0x5)
[1213/232144.709:ERROR:process_info.cc(556)] ReadMemoryInfo failed
[1213/232144.710:ERROR:process_info.cc(329)] VirtualQueryEx: Access is denied. (0x5)
[1213/232144.710:ERROR:process_info.cc(556)] ReadMemoryInfo failed
[1213/232144.710:ERROR:process_info.cc(329)] VirtualQueryEx: Access is denied. (0x5)
[1213/232144.710:ERROR:process_info.cc(556)] ReadMemoryInfo failed
[1213/232144.710:ERROR:process_info.cc(329)] VirtualQueryEx: Access is denied. (0x5)
[1213/232144.710:ERROR:process_info.cc(556)] ReadMemoryInfo failed
[1213/232144.710:ERROR:process_info.cc(329)] VirtualQueryEx: Access is denied. (0x5)
[1213/232144.710:ERROR:process_info.cc(556)] ReadMemoryInfo failed
[1213/232144.709:ERROR:process_info.cc(329)] VirtualQueryEx: Access is denied. (0x5)
[1213/232144.709:ERROR:process_info.cc(329)] VirtualQueryEx: Access is denied. (0x5)
[1213/232144.710:ERROR:process_info.cc(329)] VirtualQueryEx: Access is denied. (0x5)
[1213/232144.710:ERROR:process_info.cc(556)] ReadMemoryInfo failed
[1213/232144.710:ERROR:process_info.cc(329)] VirtualQueryEx: Access is denied. (0x5)
[1213/232144.710:ERROR:process_info.cc(556)] ReadMemoryInfo failed
[1213/232144.709:ERROR:process_info.cc(329)] VirtualQueryEx: Access is denied. (0x5)
[1213/232144.710:ERROR:process_info.cc(556)] ReadMemoryInfo failed
[1213/232144.711:ERROR:process_info.cc(556)] ReadMemoryInfo failed
[1213/232144.711:ERROR:process_info.cc(556)] ReadMemoryInfo failed
[1213/232144.973:ERROR:process_info.cc(329)] VirtualQueryEx: Access is denied. (0x5)
[1213/232144.973:ERROR:process_info.cc(556)] ReadMemoryInfo failed
[1213/232145.124:ERROR:process_info.cc(329)] VirtualQueryEx: Access is denied. (0x5)
[1213/232145.124:ERROR:process_info.cc(556)] ReadMemoryInfo failed
[1213/232145.315:ERROR:process_info.cc(329)] VirtualQueryEx: Access is denied. (0x5)
[1213/232145.315:ERROR:process_info.cc(556)] ReadMemoryInfo failed
[1213/234338.170:ERROR:directory_reader_win.cc(43)] FindFirstFile: The system cannot find the path specified. (0x3)
[1214/223920.486:ERROR:directory_reader_win.cc(43)] FindFirstFile: The system cannot find the path specified. (0x3)
[1217/082224.823:ERROR:directory_reader_win.cc(43)] FindFirstFile: The system cannot find the path specified. (0x3)
[1221/222641.669:ERROR:directory_reader_win.cc(43)] FindFirstFile: The system cannot find the path specified. (0x3)
[1223/101203.570:ERROR:directory_reader_win.cc(43)] FindFirstFile: The system cannot find the path specified. (0x3)
[1224/075432.762:ERROR:directory_reader_win.cc(43)] FindFirstFile: The system cannot find the path specified. (0x3)
[0104/114726.832:ERROR:directory_reader_win.cc(43)] FindFirstFile: The system cannot find the path specified. (0x3)
